C:\PROGRAM FILES (X86)\STEAM\GAMEOVERLAYRENDERER.LOG
D:\PROJECT\WEBSERVER\WEBSERVER\DEBUG\VC120.PDB
D:\PROJECT\WEBSERVER\WEBSERVER\DEBUG\VC120.IDB
D:\PROJECT\WEBSERVER\WEBSERVER\DEBUG\HTMLROOTELEMENT.OBJ
D:\PROJECT\WEBSERVER\WEBSERVER\DEBUG\HTTPCLIENT.OBJ
D:\PROJECT\WEBSERVER\WEBSERVER\DEBUG\HTTPREQUEST.OBJ
D:\PROJECT\WEBSERVER\WEBSERVER\DEBUG\SESSION.OBJ
D:\PROJECT\WEBSERVER\WEBSERVER\DEBUG\SESSIONMANAGER.OBJ
D:\PROJECT\WEBSERVER\WEBSERVER\DEBUG\SOCKET.OBJ
D:\PROJECT\WEBSERVER\WEBSERVER\DEBUG\SOCKETEXCEPTION.OBJ
D:\PROJECT\WEBSERVER\WEBSERVER\DEBUG\UTIL.OBJ
D:\PROJECT\WEBSERVER\WEBSERVER\DEBUG\WEBSERVER.OBJ
D:\PROJECT\WEBSERVER\DEBUG\WEBSERVER.LIB
D:\Project\WebServer\WebServer\Debug\HtmlRootElement.obj
D:\Project\WebServer\WebServer\Debug\HttpClient.obj
D:\Project\WebServer\WebServer\Debug\HttpRequest.obj
D:\Project\WebServer\WebServer\Debug\Session.obj
D:\Project\WebServer\WebServer\Debug\SessionManager.obj
D:\Project\WebServer\WebServer\Debug\Socket.obj
D:\Project\WebServer\WebServer\Debug\SocketException.obj
D:\Project\WebServer\WebServer\Debug\Util.obj
D:\Project\WebServer\WebServer\Debug\WebServer.obj
D:\Project\WebServer\WebServer\Debug\vc120.idb
D:\Project\WebServer\WebServer\Debug\vc120.pdb
D:\Project\WebServer\Debug\WebServer.lib
D:\Project\WebServer\WebServer\Debug\WebServer.tlog\cl.command.1.tlog
D:\Project\WebServer\WebServer\Debug\WebServer.tlog\CL.read.1.tlog
D:\Project\WebServer\WebServer\Debug\WebServer.tlog\CL.write.1.tlog
D:\Project\WebServer\WebServer\Debug\WebServer.tlog\Lib-link.read.1.tlog
D:\Project\WebServer\WebServer\Debug\WebServer.tlog\lib.command.1.tlog
D:\Project\WebServer\WebServer\Debug\WebServer.tlog\Lib.write.1.tlog
